---------------------------------------------------------------
[ 2019-05-05T08:44:38+08:00 ] 127.0.0.1 GET localhost:8888/index/cms.rdsystem/importall.html
[运行时间：0.645622s] [吞吐率：1.55req/s] [内存消耗：3,657.59kb] [文件加载：81]
[ info ] [ BEHAVIOR ] Run Closure @app_init [ RunTime:0.000046s ]
[ info ] [ CACHE ] INIT File
[ info ] [ BEHAVIOR ] Run Closure @app_init [ RunTime:0.044101s ]
[ info ] [ LANG ] E:\fadmin\thinkphp\lang\zh-cn.php
[ info ] [ ROUTE ] array (
  'type' => 'module',
  'module' => 
  array (
    0 => 'index',
    1 => 'cms.rdsystem',
    2 => 'importall',
  ),
)
[ info ] [ HEADER ] array (
  'cookie' => 'Hm_lvt_f8d0a8c400404989e195270b0bbf060a=1554867564; uid=1; token=0a89cbc7-887e-48e7-951d-a0b3ad912cc5',
  'accept-language' => 'zh-CN,zh;q=0.9',
  'accept-encoding' => 'gzip, deflate, br',
  'accept' => 'text/html,application/xhtml+xml,application/xml;q=0.9,image/webp,image/apng,*/*;q=0.8,application/signed-exchange;v=b3',
  'user-agent' => 'Mozilla/5.0 (Windows NT 10.0; WOW64) AppleWebKit/537.36 (KHTML, like Gecko) Chrome/74.0.3724.8 Safari/537.36',
  'upgrade-insecure-requests' => '1',
  'connection' => 'keep-alive',
  'host' => 'localhost:8888',
  'content-length' => '',
  'content-type' => '',
)
[ info ] [ PARAM ] array (
)
[ info ] [ LANG ] E:\fadmin\public/../application/index\lang\zh-cn.php
[ info ] [ BEHAVIOR ] Run app\common\behavior\Common @module_init [ RunTime:0.018531s ]
[ info ] [ TOKEN ] INIT Mysql
[ info ] [ DB ] INIT mysql
[ info ] [ LANG ] E:\fadmin\public/../application/index/lang/zh-cn/cms/rdsystem.php
[ info ] [ RUN ] app\index\controller\cms\Rdsystem->importAll[ E:\fadmin\application\index\controller\cms\Rdsystem.php ]
[ info ] [ VIEW ] E:\fadmin\public/../application/common\view\tpl\dispatch_jump.tpl [ array (
  0 => 'user',
  1 => 'site',
  2 => 'config',
  3 => 'code',
  4 => 'msg',
  5 => 'data',
  6 => 'url',
  7 => 'wait',
) ]
[ info ] [ BEHAVIOR ] Run \addons\ask\Ask @response_send [ RunTime:0.000261s ]
[ info ] [ BEHAVIOR ] Run \addons\loginvideo\Loginvideo @response_send [ RunTime:0.041133s ]
[ info ] [ LOG ] INIT File
[ sql ] [ DB ] CONNECT:[ UseTime:0.004692s ] mysql:host=127.0.0.1;dbname=zkcdb;charset=utf8
[ sql ] [ SQL ] SHOW COLUMNS FROM `zkc_user_token` [ RunTime:0.022871s ]
[ sql ] [ SQL ] SELECT * FROM `zkc_user_token` WHERE  `token` = '3ec8dfe3f5b08a9eff36c1cbba4ba2794450b65b' LIMIT 1 [ RunTime:0.000638s ]
[ sql ] [ SQL ] SHOW COLUMNS FROM `zkc_user` [ RunTime:0.035446s ]
[ sql ] [ SQL ] SELECT * FROM `zkc_user` WHERE  `id` = 1 LIMIT 1 [ RunTime:0.000781s ]
---------------------------------------------------------------
[ 2019-05-05T08:44:40+08:00 ] 127.0.0.1 GET localhost:8888/
[运行时间：0.298253s] [吞吐率：3.35req/s] [内存消耗：3,385.23kb] [文件加载：94]
[ info ] [ BEHAVIOR ] Run Closure @app_init [ RunTime:0.000012s ]
[ info ] [ CACHE ] INIT File
[ info ] [ BEHAVIOR ] Run Closure @app_init [ RunTime:0.002078s ]
[ info ] [ LANG ] E:\fadmin\thinkphp\lang\zh-cn.php
[ info ] [ ROUTE ] array (
  'type' => 'method',
  'method' => 
  array (
    0 => '\\think\\addons\\Route',
    1 => 'execute',
  ),
  'var' => 
  array (
    'addon' => 'cms',
    'controller' => 'index',
    'action' => 'index',
  ),
)
[ info ] [ HEADER ] array (
  'cookie' => 'Hm_lvt_f8d0a8c400404989e195270b0bbf060a=1554867564; uid=1; token=0a89cbc7-887e-48e7-951d-a0b3ad912cc5',
  'accept-language' => 'zh-CN,zh;q=0.9',
  'accept-encoding' => 'gzip, deflate, br',
  'referer' => 'http://localhost:8888/index/cms.rdsystem/importall.html',
  'accept' => 'text/html,application/xhtml+xml,application/xml;q=0.9,image/webp,image/apng,*/*;q=0.8,application/signed-exchange;v=b3',
  'user-agent' => 'Mozilla/5.0 (Windows NT 10.0; WOW64) AppleWebKit/537.36 (KHTML, like Gecko) Chrome/74.0.3724.8 Safari/537.36',
  'upgrade-insecure-requests' => '1',
  'connection' => 'keep-alive',
  'host' => 'localhost:8888',
  'content-length' => '',
  'content-type' => '',
)
[ info ] [ PARAM ] array (
)
[ info ] [ RUN ] think\addons\Route->execute[ E:\fadmin\vendor\karsonzhang\fastadmin-addons\src\addons\Route.php ]
[ info ] [ LANG ] E:\fadmin\public/../application/common\lang\zh-cn\addon.php
[ info ] [ BEHAVIOR ] Run app\common\behavior\Common @addon_begin [ RunTime:0.011069s ]
[ info ] [ LANG ] E:\fadmin\addons\cms\lang\zh-cn.php
[ info ] [ TOKEN ] INIT Mysql
[ info ] [ DB ] INIT mysql
[ info ] [ VIEW ] E:\fadmin\addons\cms\view\default\index.html [ array (
  0 => 'config',
  1 => 'user',
  2 => 'site',
  3 => '__CHANNEL__',
) ]
[ info ] [ BEHAVIOR ] Run \addons\ask\Ask @response_send [ RunTime:0.000063s ]
[ info ] [ BEHAVIOR ] Run \addons\loginvideo\Loginvideo @response_send [ RunTime:0.000149s ]
[ info ] [ LOG ] INIT File
[ sql ] [ DB ] CONNECT:[ UseTime:0.012016s ] mysql:host=127.0.0.1;dbname=zkcdb;charset=utf8
[ sql ] [ SQL ] SHOW COLUMNS FROM `zkc_user_token` [ RunTime:0.007005s ]
[ sql ] [ SQL ] SELECT * FROM `zkc_user_token` WHERE  `token` = '3ec8dfe3f5b08a9eff36c1cbba4ba2794450b65b' LIMIT 1 [ RunTime:0.000441s ]
[ sql ] [ SQL ] SHOW COLUMNS FROM `zkc_user` [ RunTime:0.005744s ]
[ sql ] [ SQL ] SELECT * FROM `zkc_user` WHERE  `id` = 1 LIMIT 1 [ RunTime:0.000507s ]
[ sql ] [ SQL ] SHOW COLUMNS FROM `zkc_cms_channel` [ RunTime:0.037750s ]
[ sql ] [ SQL ] SELECT `id`,`name`,`image`,`diyname`,`items` FROM `zkc_cms_channel` WHERE  `id` IN (59,49,51) [ RunTime:0.000565s ]
[ sql ] [ SQL ] SELECT `id`,`name`,`image`,`diyname`,`items` FROM `zkc_cms_channel` WHERE  `id` IN (52) [ RunTime:0.000395s ]
[ sql ] [ SQL ] SHOW COLUMNS FROM `zkc_cms_model` [ RunTime:0.026280s ]
[ sql ] [ SQL ] SHOW COLUMNS FROM `zkc_cms_addonnews` [ RunTime:0.015416s ]
[ sql ] [ SQL ] SELECT `id`,`name`,`image`,`diyname`,`items` FROM `zkc_cms_channel` WHERE  `id` IN (51,49,52) [ RunTime:0.000523s ]
---------------------------------------------------------------
[ 2019-05-05T08:44:42+08:00 ] 127.0.0.1 GET localhost:8888/
[运行时间：0.089623s] [吞吐率：11.16req/s] [内存消耗：3,385.11kb] [文件加载：94]
[ info ] [ BEHAVIOR ] Run Closure @app_init [ RunTime:0.000014s ]
[ info ] [ CACHE ] INIT File
[ info ] [ BEHAVIOR ] Run Closure @app_init [ RunTime:0.002362s ]
[ info ] [ LANG ] E:\fadmin\thinkphp\lang\zh-cn.php
[ info ] [ ROUTE ] array (
  'type' => 'method',
  'method' => 
  array (
    0 => '\\think\\addons\\Route',
    1 => 'execute',
  ),
  'var' => 
  array (
    'addon' => 'cms',
    'controller' => 'index',
    'action' => 'index',
  ),
)
[ info ] [ HEADER ] array (
  'cookie' => 'Hm_lvt_f8d0a8c400404989e195270b0bbf060a=1554867564; uid=1; token=0a89cbc7-887e-48e7-951d-a0b3ad912cc5',
  'accept-language' => 'zh-CN,zh;q=0.9',
  'accept-encoding' => 'gzip, deflate, br',
  'referer' => 'http://localhost:8888/',
  'accept' => 'text/html,application/xhtml+xml,application/xml;q=0.9,image/webp,image/apng,*/*;q=0.8,application/signed-exchange;v=b3',
  'user-agent' => 'Mozilla/5.0 (Windows NT 10.0; WOW64) AppleWebKit/537.36 (KHTML, like Gecko) Chrome/74.0.3724.8 Safari/537.36',
  'upgrade-insecure-requests' => '1',
  'connection' => 'keep-alive',
  'host' => 'localhost:8888',
  'content-length' => '',
  'content-type' => '',
)
[ info ] [ PARAM ] array (
)
[ info ] [ RUN ] think\addons\Route->execute[ E:\fadmin\vendor\karsonzhang\fastadmin-addons\src\addons\Route.php ]
[ info ] [ LANG ] E:\fadmin\public/../application/common\lang\zh-cn\addon.php
[ info ] [ BEHAVIOR ] Run app\common\behavior\Common @addon_begin [ RunTime:0.001183s ]
[ info ] [ LANG ] E:\fadmin\addons\cms\lang\zh-cn.php
[ info ] [ TOKEN ] INIT Mysql
[ info ] [ DB ] INIT mysql
[ info ] [ VIEW ] E:\fadmin\addons\cms\view\default\index.html [ array (
  0 => 'config',
  1 => 'user',
  2 => 'site',
  3 => '__CHANNEL__',
) ]
[ info ] [ BEHAVIOR ] Run \addons\ask\Ask @response_send [ RunTime:0.000066s ]
[ info ] [ BEHAVIOR ] Run \addons\loginvideo\Loginvideo @response_send [ RunTime:0.000184s ]
[ info ] [ LOG ] INIT File
[ sql ] [ DB ] CONNECT:[ UseTime:0.011959s ] mysql:host=127.0.0.1;dbname=zkcdb;charset=utf8
[ sql ] [ SQL ] SHOW COLUMNS FROM `zkc_user_token` [ RunTime:0.008399s ]
[ sql ] [ SQL ] SELECT * FROM `zkc_user_token` WHERE  `token` = '3ec8dfe3f5b08a9eff36c1cbba4ba2794450b65b' LIMIT 1 [ RunTime:0.000401s ]
[ sql ] [ SQL ] SHOW COLUMNS FROM `zkc_user` [ RunTime:0.006006s ]
[ sql ] [ SQL ] SELECT * FROM `zkc_user` WHERE  `id` = 1 LIMIT 1 [ RunTime:0.000584s ]
[ sql ] [ SQL ] SHOW COLUMNS FROM `zkc_cms_channel` [ RunTime:0.005840s ]
[ sql ] [ SQL ] SELECT `id`,`name`,`image`,`diyname`,`items` FROM `zkc_cms_channel` WHERE  `id` IN (59,49,51) [ RunTime:0.000560s ]
[ sql ] [ SQL ] SELECT `id`,`name`,`image`,`diyname`,`items` FROM `zkc_cms_channel` WHERE  `id` IN (52) [ RunTime:0.000374s ]
[ sql ] [ SQL ] SHOW COLUMNS FROM `zkc_cms_model` [ RunTime:0.006987s ]
[ sql ] [ SQL ] SHOW COLUMNS FROM `zkc_cms_addonnews` [ RunTime:0.005724s ]
[ sql ] [ SQL ] SELECT `id`,`name`,`image`,`diyname`,`items` FROM `zkc_cms_channel` WHERE  `id` IN (51,49,52) [ RunTime:0.000404s ]
---------------------------------------------------------------
[ 2019-05-05T08:44:44+08:00 ] 127.0.0.1 GET localhost:8888/index/user/index.html
[运行时间：0.085301s] [吞吐率：11.72req/s] [内存消耗：3,137.77kb] [文件加载：81]
[ info ] [ BEHAVIOR ] Run Closure @app_init [ RunTime:0.000012s ]
[ info ] [ CACHE ] INIT File
[ info ] [ BEHAVIOR ] Run Closure @app_init [ RunTime:0.002067s ]
[ info ] [ LANG ] E:\fadmin\thinkphp\lang\zh-cn.php
[ info ] [ ROUTE ] array (
  'type' => 'module',
  'module' => 
  array (
    0 => 'index',
    1 => 'user',
    2 => 'index',
  ),
)
[ info ] [ HEADER ] array (
  'cookie' => 'Hm_lvt_f8d0a8c400404989e195270b0bbf060a=1554867564; uid=1; token=0a89cbc7-887e-48e7-951d-a0b3ad912cc5',
  'accept-language' => 'zh-CN,zh;q=0.9',
  'accept-encoding' => 'gzip, deflate, br',
  'referer' => 'http://localhost:8888/',
  'accept' => 'text/html,application/xhtml+xml,application/xml;q=0.9,image/webp,image/apng,*/*;q=0.8,application/signed-exchange;v=b3',
  'user-agent' => 'Mozilla/5.0 (Windows NT 10.0; WOW64) AppleWebKit/537.36 (KHTML, like Gecko) Chrome/74.0.3724.8 Safari/537.36',
  'upgrade-insecure-requests' => '1',
  'connection' => 'keep-alive',
  'host' => 'localhost:8888',
  'content-length' => '',
  'content-type' => '',
)
[ info ] [ PARAM ] array (
)
[ info ] [ LANG ] E:\fadmin\public/../application/index\lang\zh-cn.php
[ info ] [ BEHAVIOR ] Run app\common\behavior\Common @module_init [ RunTime:0.001180s ]
[ info ] [ TOKEN ] INIT Mysql
[ info ] [ DB ] INIT mysql
[ info ] [ LANG ] E:\fadmin\public/../application/index/lang/zh-cn/user.php
[ info ] [ RUN ] app\index\controller\User->index[ E:\fadmin\application\index\controller\User.php ]
[ info ] [ VIEW ] E:\fadmin\public/../application/index\view\user\index.html [ array (
  0 => 'user',
  1 => 'site',
  2 => 'config',
  3 => 'title',
) ]
[ info ] [ VIEW ] E:\fadmin\addons\cms\view\hook\user_sidenav_after.html [ array (
  0 => 'actionname',
) ]
[ info ] [ BEHAVIOR ] Run \addons\cms\Cms @user_sidenav_after [ RunTime:0.011730s ]
[ info ] [ BEHAVIOR ] Run \addons\ask\Ask @response_send [ RunTime:0.000047s ]
[ info ] [ BEHAVIOR ] Run \addons\loginvideo\Loginvideo @response_send [ RunTime:0.000150s ]
[ info ] [ LOG ] INIT File
[ sql ] [ DB ] CONNECT:[ UseTime:0.003262s ] mysql:host=127.0.0.1;dbname=zkcdb;charset=utf8
[ sql ] [ SQL ] SHOW COLUMNS FROM `zkc_user_token` [ RunTime:0.007050s ]
[ sql ] [ SQL ] SELECT * FROM `zkc_user_token` WHERE  `token` = '3ec8dfe3f5b08a9eff36c1cbba4ba2794450b65b' LIMIT 1 [ RunTime:0.000414s ]
[ sql ] [ SQL ] SHOW COLUMNS FROM `zkc_user` [ RunTime:0.007102s ]
[ sql ] [ SQL ] SELECT * FROM `zkc_user` WHERE  `id` = 1 LIMIT 1 [ RunTime:0.000564s ]
---------------------------------------------------------------
[ 2019-05-05T08:44:44+08:00 ] 127.0.0.1 GET localhost:8888/index/ajax/lang?callback=define&controllername=user&v=1557017084
[运行时间：0.063011s] [吞吐率：15.87req/s] [内存消耗：3,084.58kb] [文件加载：81]
[ info ] [ BEHAVIOR ] Run Closure @app_init [ RunTime:0.000013s ]
[ info ] [ CACHE ] INIT File
[ info ] [ BEHAVIOR ] Run Closure @app_init [ RunTime:0.002082s ]
[ info ] [ LANG ] E:\fadmin\thinkphp\lang\zh-cn.php
[ info ] [ ROUTE ] array (
  'type' => 'module',
  'module' => 
  array (
    0 => 'index',
    1 => 'ajax',
    2 => 'lang',
  ),
)
[ info ] [ HEADER ] array (
  'cookie' => 'Hm_lvt_f8d0a8c400404989e195270b0bbf060a=1554867564; uid=1; token=0a89cbc7-887e-48e7-951d-a0b3ad912cc5',
  'accept-language' => 'zh-CN,zh;q=0.9',
  'accept-encoding' => 'gzip, deflate, br',
  'referer' => 'http://localhost:8888/index/user/index.html',
  'accept' => '*/*',
  'user-agent' => 'Mozilla/5.0 (Windows NT 10.0; WOW64) AppleWebKit/537.36 (KHTML, like Gecko) Chrome/74.0.3724.8 Safari/537.36',
  'connection' => 'keep-alive',
  'host' => 'localhost:8888',
  'content-length' => '',
  'content-type' => '',
)
[ info ] [ PARAM ] array (
  'callback' => 'define',
  'controllername' => 'user',
  'v' => '1557017084',
)
[ info ] [ LANG ] E:\fadmin\public/../application/index\lang\zh-cn.php
[ info ] [ BEHAVIOR ] Run app\common\behavior\Common @module_init [ RunTime:0.000956s ]
[ info ] [ TOKEN ] INIT Mysql
[ info ] [ DB ] INIT mysql
[ info ] [ LANG ] E:\fadmin\public/../application/index/lang/zh-cn/ajax.php
[ info ] [ RUN ] app\index\controller\Ajax->lang[ E:\fadmin\application\index\controller\Ajax.php ]
[ info ] [ LANG ] E:\fadmin\public/../application/index/lang/zh-cn/user.php
[ info ] [ BEHAVIOR ] Run \addons\ask\Ask @response_send [ RunTime:0.000138s ]
[ info ] [ BEHAVIOR ] Run \addons\loginvideo\Loginvideo @response_send [ RunTime:0.000151s ]
[ info ] [ LOG ] INIT File
[ sql ] [ DB ] CONNECT:[ UseTime:0.012518s ] mysql:host=127.0.0.1;dbname=zkcdb;charset=utf8
[ sql ] [ SQL ] SHOW COLUMNS FROM `zkc_user_token` [ RunTime:0.005616s ]
[ sql ] [ SQL ] SELECT * FROM `zkc_user_token` WHERE  `token` = '3ec8dfe3f5b08a9eff36c1cbba4ba2794450b65b' LIMIT 1 [ RunTime:0.000505s ]
[ sql ] [ SQL ] SHOW COLUMNS FROM `zkc_user` [ RunTime:0.005810s ]
[ sql ] [ SQL ] SELECT * FROM `zkc_user` WHERE  `id` = 1 LIMIT 1 [ RunTime:0.000524s ]
---------------------------------------------------------------
[ 2019-05-05T08:44:45+08:00 ] 127.0.0.1 GET localhost:8888/index/cms.diyform/assessment_list.html
[运行时间：0.249231s] [吞吐率：4.01req/s] [内存消耗：3,278.49kb] [文件加载：86]
[ info ] [ BEHAVIOR ] Run Closure @app_init [ RunTime:0.000013s ]
[ info ] [ CACHE ] INIT File
[ info ] [ BEHAVIOR ] Run Closure @app_init [ RunTime:0.002140s ]
[ info ] [ LANG ] E:\fadmin\thinkphp\lang\zh-cn.php
[ info ] [ ROUTE ] array (
  'type' => 'module',
  'module' => 
  array (
    0 => 'index',
    1 => 'cms.diyform',
    2 => 'assessment_list',
  ),
)
[ info ] [ HEADER ] array (
  'cookie' => 'Hm_lvt_f8d0a8c400404989e195270b0bbf060a=1554867564; uid=1; token=0a89cbc7-887e-48e7-951d-a0b3ad912cc5',
  'accept-language' => 'zh-CN,zh;q=0.9',
  'accept-encoding' => 'gzip, deflate, br',
  'referer' => 'http://localhost:8888/index/user/index.html',
  'accept' => 'text/html,application/xhtml+xml,application/xml;q=0.9,image/webp,image/apng,*/*;q=0.8,application/signed-exchange;v=b3',
  'user-agent' => 'Mozilla/5.0 (Windows NT 10.0; WOW64) AppleWebKit/537.36 (KHTML, like Gecko) Chrome/74.0.3724.8 Safari/537.36',
  'upgrade-insecure-requests' => '1',
  'connection' => 'keep-alive',
  'host' => 'localhost:8888',
  'content-length' => '',
  'content-type' => '',
)
[ info ] [ PARAM ] array (
)
[ info ] [ LANG ] E:\fadmin\public/../application/index\lang\zh-cn.php
[ info ] [ BEHAVIOR ] Run app\common\behavior\Common @module_init [ RunTime:0.000991s ]
[ info ] [ TOKEN ] INIT Mysql
[ info ] [ DB ] INIT mysql
[ info ] [ LANG ] E:\fadmin\public/../application/index/lang/zh-cn/cms/diyform.php
[ info ] [ RUN ] app\index\controller\cms\Diyform->assessment_list[ E:\fadmin\application\index\controller\cms\Diyform.php ]
[ info ] [ VIEW ] E:\fadmin\public/../application/index\view\cms\diyform\assessment_list.html [ array (
  0 => 'user',
  1 => 'site',
  2 => 'config',
  3 => 'xmpgList',
  4 => 'items',
  5 => 'title',
) ]
[ info ] [ VIEW ] E:\fadmin\addons\cms\view\hook\user_sidenav_after.html [ array (
  0 => 'actionname',
) ]
[ info ] [ BEHAVIOR ] Run \addons\cms\Cms @user_sidenav_after [ RunTime:0.000514s ]
[ info ] [ BEHAVIOR ] Run \addons\ask\Ask @response_send [ RunTime:0.000048s ]
[ info ] [ BEHAVIOR ] Run \addons\loginvideo\Loginvideo @response_send [ RunTime:0.000152s ]
[ info ] [ LOG ] INIT File
[ sql ] [ DB ] CONNECT:[ UseTime:0.012435s ] mysql:host=127.0.0.1;dbname=zkcdb;charset=utf8
[ sql ] [ SQL ] SHOW COLUMNS FROM `zkc_user_token` [ RunTime:0.006461s ]
[ sql ] [ SQL ] SELECT * FROM `zkc_user_token` WHERE  `token` = '3ec8dfe3f5b08a9eff36c1cbba4ba2794450b65b' LIMIT 1 [ RunTime:0.000371s ]
[ sql ] [ SQL ] SHOW COLUMNS FROM `zkc_user` [ RunTime:0.008606s ]
[ sql ] [ SQL ] SELECT * FROM `zkc_user` WHERE  `id` = 1 LIMIT 1 [ RunTime:0.000518s ]
[ sql ] [ SQL ] SHOW COLUMNS FROM `zkc_cms_fields` [ RunTime:0.028553s ]
[ sql ] [ SQL ] SELECT * FROM `zkc_cms_fields` WHERE  `diyform_id` = 2  AND `type` <> 'text' [ RunTime:0.001012s ]
[ sql ] [ SQL ] SHOW COLUMNS FROM `zkc_cms_assessment` [ RunTime:0.022004s ]
[ sql ] [ SQL ] SELECT COUNT(*) AS tp_count FROM `zkc_cms_assessment` WHERE  `user_id` = 1 LIMIT 1 [ RunTime:0.000425s ]
[ sql ] [ SQL ] SELECT * FROM `zkc_cms_assessment` WHERE  `user_id` = 1 ORDER BY `id` ASC LIMIT 0,10 [ RunTime:0.000285s ]
---------------------------------------------------------------
[ 2019-05-05T08:44:46+08:00 ] 127.0.0.1 GET localhost:8888/index/ajax/lang?callback=define&controllername=cms.diyform&v=1557017085
[运行时间：0.053404s] [吞吐率：18.73req/s] [内存消耗：3,072.95kb] [文件加载：81]
[ info ] [ BEHAVIOR ] Run Closure @app_init [ RunTime:0.000012s ]
[ info ] [ CACHE ] INIT File
[ info ] [ BEHAVIOR ] Run Closure @app_init [ RunTime:0.002046s ]
[ info ] [ LANG ] E:\fadmin\thinkphp\lang\zh-cn.php
[ info ] [ ROUTE ] array (
  'type' => 'module',
  'module' => 
  array (
    0 => 'index',
    1 => 'ajax',
    2 => 'lang',
  ),
)
[ info ] [ HEADER ] array (
  'cookie' => 'Hm_lvt_f8d0a8c400404989e195270b0bbf060a=1554867564; uid=1; token=0a89cbc7-887e-48e7-951d-a0b3ad912cc5',
  'accept-language' => 'zh-CN,zh;q=0.9',
  'accept-encoding' => 'gzip, deflate, br',
  'referer' => 'http://localhost:8888/index/cms.diyform/assessment_list.html',
  'accept' => '*/*',
  'user-agent' => 'Mozilla/5.0 (Windows NT 10.0; WOW64) AppleWebKit/537.36 (KHTML, like Gecko) Chrome/74.0.3724.8 Safari/537.36',
  'connection' => 'keep-alive',
  'host' => 'localhost:8888',
  'content-length' => '',
  'content-type' => '',
)
[ info ] [ PARAM ] array (
  'callback' => 'define',
  'controllername' => 'cms.diyform',
  'v' => '1557017085',
)
[ info ] [ LANG ] E:\fadmin\public/../application/index\lang\zh-cn.php
[ info ] [ BEHAVIOR ] Run app\common\behavior\Common @module_init [ RunTime:0.000936s ]
[ info ] [ TOKEN ] INIT Mysql
[ info ] [ DB ] INIT mysql
[ info ] [ LANG ] E:\fadmin\public/../application/index/lang/zh-cn/ajax.php
[ info ] [ RUN ] app\index\controller\Ajax->lang[ E:\fadmin\application\index\controller\Ajax.php ]
[ info ] [ LANG ] E:\fadmin\public/../application/index/lang/zh-cn/cms/diyform.php
[ info ] [ BEHAVIOR ] Run \addons\ask\Ask @response_send [ RunTime:0.000124s ]
[ info ] [ BEHAVIOR ] Run \addons\loginvideo\Loginvideo @response_send [ RunTime:0.000144s ]
[ info ] [ LOG ] INIT File
[ sql ] [ DB ] CONNECT:[ UseTime:0.014468s ] mysql:host=127.0.0.1;dbname=zkcdb;charset=utf8
[ sql ] [ SQL ] SHOW COLUMNS FROM `zkc_user_token` [ RunTime:0.005511s ]
[ sql ] [ SQL ] SELECT * FROM `zkc_user_token` WHERE  `token` = '3ec8dfe3f5b08a9eff36c1cbba4ba2794450b65b' LIMIT 1 [ RunTime:0.000406s ]
[ sql ] [ SQL ] SHOW COLUMNS FROM `zkc_user` [ RunTime:0.006009s ]
[ sql ] [ SQL ] SELECT * FROM `zkc_user` WHERE  `id` = 1 LIMIT 1 [ RunTime:0.000653s ]
---------------------------------------------------------------
[ 2019-05-05T08:44:47+08:00 ] 127.0.0.1 GET localhost:8888/index/cms.rdsystem/research.html
[运行时间：0.120774s] [吞吐率：8.28req/s] [内存消耗：3,777.48kb] [文件加载：85]
[ info ] [ BEHAVIOR ] Run Closure @app_init [ RunTime:0.000012s ]
[ info ] [ CACHE ] INIT File
[ info ] [ BEHAVIOR ] Run Closure @app_init [ RunTime:0.002079s ]
[ info ] [ LANG ] E:\fadmin\thinkphp\lang\zh-cn.php
[ info ] [ ROUTE ] array (
  'type' => 'module',
  'module' => 
  array (
    0 => 'index',
    1 => 'cms.rdsystem',
    2 => 'research',
  ),
)
[ info ] [ HEADER ] array (
  'cookie' => 'Hm_lvt_f8d0a8c400404989e195270b0bbf060a=1554867564; uid=1; token=0a89cbc7-887e-48e7-951d-a0b3ad912cc5',
  'accept-language' => 'zh-CN,zh;q=0.9',
  'accept-encoding' => 'gzip, deflate, br',
  'referer' => 'http://localhost:8888/index/cms.diyform/assessment_list.html',
  'accept' => 'text/html,application/xhtml+xml,application/xml;q=0.9,image/webp,image/apng,*/*;q=0.8,application/signed-exchange;v=b3',
  'user-agent' => 'Mozilla/5.0 (Windows NT 10.0; WOW64) AppleWebKit/537.36 (KHTML, like Gecko) Chrome/74.0.3724.8 Safari/537.36',
  'upgrade-insecure-requests' => '1',
  'connection' => 'keep-alive',
  'host' => 'localhost:8888',
  'content-length' => '',
  'content-type' => '',
)
[ info ] [ PARAM ] array (
)
[ info ] [ LANG ] E:\fadmin\public/../application/index\lang\zh-cn.php
[ info ] [ BEHAVIOR ] Run app\common\behavior\Common @module_init [ RunTime:0.001131s ]
[ info ] [ TOKEN ] INIT Mysql
[ info ] [ DB ] INIT mysql
[ info ] [ LANG ] E:\fadmin\public/../application/index/lang/zh-cn/cms/rdsystem.php
[ info ] [ RUN ] app\index\controller\cms\Rdsystem->research[ E:\fadmin\application\index\controller\cms\Rdsystem.php ]
[ info ] [ VIEW ] E:\fadmin\public/../application/index\view\cms\rdsystem\research.html [ array (
  0 => 'user',
  1 => 'site',
  2 => 'config',
  3 => 'items',
  4 => 'data',
  5 => 'title',
) ]
[ info ] [ VIEW ] E:\fadmin\addons\cms\view\hook\user_sidenav_after.html [ array (
  0 => 'actionname',
) ]
[ info ] [ BEHAVIOR ] Run \addons\cms\Cms @user_sidenav_after [ RunTime:0.000515s ]
[ info ] [ BEHAVIOR ] Run \addons\ask\Ask @response_send [ RunTime:0.000062s ]
[ info ] [ BEHAVIOR ] Run \addons\loginvideo\Loginvideo @response_send [ RunTime:0.000161s ]
[ info ] [ LOG ] INIT File
[ sql ] [ DB ] CONNECT:[ UseTime:0.011672s ] mysql:host=127.0.0.1;dbname=zkcdb;charset=utf8
[ sql ] [ SQL ] SHOW COLUMNS FROM `zkc_user_token` [ RunTime:0.005650s ]
[ sql ] [ SQL ] SELECT * FROM `zkc_user_token` WHERE  `token` = '3ec8dfe3f5b08a9eff36c1cbba4ba2794450b65b' LIMIT 1 [ RunTime:0.000650s ]
[ sql ] [ SQL ] SHOW COLUMNS FROM `zkc_user` [ RunTime:0.005864s ]
[ sql ] [ SQL ] SELECT * FROM `zkc_user` WHERE  `id` = 1 LIMIT 1 [ RunTime:0.000554s ]
[ sql ] [ SQL ] SHOW COLUMNS FROM `zkc_research_ledger` [ RunTime:0.038662s ]
[ sql ] [ SQL ] SELECT COUNT(*) AS tp_count FROM `zkc_research_ledger` WHERE  `user_id` = 1 LIMIT 1 [ RunTime:0.000517s ]
[ sql ] [ SQL ] SELECT * FROM `zkc_research_ledger` WHERE  `user_id` = 1 ORDER BY `id` ASC LIMIT 0,10 [ RunTime:0.000501s ]
---------------------------------------------------------------
[ 2019-05-05T08:44:47+08:00 ] 127.0.0.1 GET localhost:8888/index/ajax/lang?callback=define&controllername=cms.rdsystem&v=1557017087
[运行时间：0.052209s] [吞吐率：19.15req/s] [内存消耗：3,073.44kb] [文件加载：81]
[ info ] [ BEHAVIOR ] Run Closure @app_init [ RunTime:0.000012s ]
[ info ] [ CACHE ] INIT File
[ info ] [ BEHAVIOR ] Run Closure @app_init [ RunTime:0.003027s ]
[ info ] [ LANG ] E:\fadmin\thinkphp\lang\zh-cn.php
[ info ] [ ROUTE ] array (
  'type' => 'module',
  'module' => 
  array (
    0 => 'index',
    1 => 'ajax',
    2 => 'lang',
  ),
)
[ info ] [ HEADER ] array (
  'cookie' => 'Hm_lvt_f8d0a8c400404989e195270b0bbf060a=1554867564; uid=1; token=0a89cbc7-887e-48e7-951d-a0b3ad912cc5',
  'accept-language' => 'zh-CN,zh;q=0.9',
  'accept-encoding' => 'gzip, deflate, br',
  'referer' => 'http://localhost:8888/index/cms.rdsystem/research.html',
  'accept' => '*/*',
  'user-agent' => 'Mozilla/5.0 (Windows NT 10.0; WOW64) AppleWebKit/537.36 (KHTML, like Gecko) Chrome/74.0.3724.8 Safari/537.36',
  'connection' => 'keep-alive',
  'host' => 'localhost:8888',
  'content-length' => '',
  'content-type' => '',
)
[ info ] [ PARAM ] array (
  'callback' => 'define',
  'controllername' => 'cms.rdsystem',
  'v' => '1557017087',
)
[ info ] [ LANG ] E:\fadmin\public/../application/index\lang\zh-cn.php
[ info ] [ BEHAVIOR ] Run app\common\behavior\Common @module_init [ RunTime:0.000957s ]
[ info ] [ TOKEN ] INIT Mysql
[ info ] [ DB ] INIT mysql
[ info ] [ LANG ] E:\fadmin\public/../application/index/lang/zh-cn/ajax.php
[ info ] [ RUN ] app\index\controller\Ajax->lang[ E:\fadmin\application\index\controller\Ajax.php ]
[ info ] [ LANG ] E:\fadmin\public/../application/index/lang/zh-cn/cms/rdsystem.php
[ info ] [ BEHAVIOR ] Run \addons\ask\Ask @response_send [ RunTime:0.000120s ]
[ info ] [ BEHAVIOR ] Run \addons\loginvideo\Loginvideo @response_send [ RunTime:0.000154s ]
[ info ] [ LOG ] INIT File
[ sql ] [ DB ] CONNECT:[ UseTime:0.011165s ] mysql:host=127.0.0.1;dbname=zkcdb;charset=utf8
[ sql ] [ SQL ] SHOW COLUMNS FROM `zkc_user_token` [ RunTime:0.005113s ]
[ sql ] [ SQL ] SELECT * FROM `zkc_user_token` WHERE  `token` = '3ec8dfe3f5b08a9eff36c1cbba4ba2794450b65b' LIMIT 1 [ RunTime:0.000559s ]
[ sql ] [ SQL ] SHOW COLUMNS FROM `zkc_user` [ RunTime:0.004770s ]
[ sql ] [ SQL ] SELECT * FROM `zkc_user` WHERE  `id` = 1 LIMIT 1 [ RunTime:0.000626s ]
---------------------------------------------------------------
[ 2019-05-05T08:44:48+08:00 ] 127.0.0.1 GET localhost:8888/index/cms.rdsystem/project.html
[运行时间：0.095458s] [吞吐率：10.48req/s] [内存消耗：3,817.81kb] [文件加载：85]
[ info ] [ BEHAVIOR ] Run Closure @app_init [ RunTime:0.000012s ]
[ info ] [ CACHE ] INIT File
[ info ] [ BEHAVIOR ] Run Closure @app_init [ RunTime:0.002060s ]
[ info ] [ LANG ] E:\fadmin\thinkphp\lang\zh-cn.php
[ info ] [ ROUTE ] array (
  'type' => 'module',
  'module' => 
  array (
    0 => 'index',
    1 => 'cms.rdsystem',
    2 => 'project',
  ),
)
[ info ] [ HEADER ] array (
  'cookie' => 'Hm_lvt_f8d0a8c400404989e195270b0bbf060a=1554867564; uid=1; token=0a89cbc7-887e-48e7-951d-a0b3ad912cc5',
  'accept-language' => 'zh-CN,zh;q=0.9',
  'accept-encoding' => 'gzip, deflate, br',
  'referer' => 'http://localhost:8888/index/cms.rdsystem/research.html',
  'accept' => 'text/html,application/xhtml+xml,application/xml;q=0.9,image/webp,image/apng,*/*;q=0.8,application/signed-exchange;v=b3',
  'user-agent' => 'Mozilla/5.0 (Windows NT 10.0; WOW64) AppleWebKit/537.36 (KHTML, like Gecko) Chrome/74.0.3724.8 Safari/537.36',
  'upgrade-insecure-requests' => '1',
  'connection' => 'keep-alive',
  'host' => 'localhost:8888',
  'content-length' => '',
  'content-type' => '',
)
[ info ] [ PARAM ] array (
)
[ info ] [ LANG ] E:\fadmin\public/../application/index\lang\zh-cn.php
[ info ] [ BEHAVIOR ] Run app\common\behavior\Common @module_init [ RunTime:0.000934s ]
[ info ] [ TOKEN ] INIT Mysql
[ info ] [ DB ] INIT mysql
[ info ] [ LANG ] E:\fadmin\public/../application/index/lang/zh-cn/cms/rdsystem.php
[ info ] [ RUN ] app\index\controller\cms\Rdsystem->project[ E:\fadmin\application\index\controller\cms\Rdsystem.php ]
[ info ] [ VIEW ] E:\fadmin\public/../application/index\view\cms\rdsystem\project.html [ array (
  0 => 'user',
  1 => 'site',
  2 => 'config',
  3 => 'year',
  4 => 'items',
  5 => 'data',
  6 => 'title',
) ]
[ info ] [ VIEW ] E:\fadmin\addons\cms\view\hook\user_sidenav_after.html [ array (
  0 => 'actionname',
) ]
[ info ] [ BEHAVIOR ] Run \addons\cms\Cms @user_sidenav_after [ RunTime:0.000511s ]
[ info ] [ BEHAVIOR ] Run \addons\ask\Ask @response_send [ RunTime:0.000059s ]
[ info ] [ BEHAVIOR ] Run \addons\loginvideo\Loginvideo @response_send [ RunTime:0.000153s ]
[ info ] [ LOG ] INIT File
[ sql ] [ DB ] CONNECT:[ UseTime:0.012337s ] mysql:host=127.0.0.1;dbname=zkcdb;charset=utf8
[ sql ] [ SQL ] SHOW COLUMNS FROM `zkc_user_token` [ RunTime:0.008609s ]
[ sql ] [ SQL ] SELECT * FROM `zkc_user_token` WHERE  `token` = '3ec8dfe3f5b08a9eff36c1cbba4ba2794450b65b' LIMIT 1 [ RunTime:0.000396s ]
[ sql ] [ SQL ] SHOW COLUMNS FROM `zkc_user` [ RunTime:0.004711s ]
[ sql ] [ SQL ] SELECT * FROM `zkc_user` WHERE  `id` = 1 LIMIT 1 [ RunTime:0.000521s ]
[ sql ] [ SQL ] SHOW COLUMNS FROM `zkc_project` [ RunTime:0.029444s ]
[ sql ] [ SQL ] SELECT COUNT(*) AS tp_count FROM `zkc_project` WHERE  ( user_id = 1 ) LIMIT 1 [ RunTime:0.000396s ]
[ sql ] [ SQL ] SELECT * FROM `zkc_project` WHERE  ( user_id = 1 ) ORDER BY `id` ASC LIMIT 0,10 [ RunTime:0.000546s ]
---------------------------------------------------------------
[ 2019-05-05T08:44:48+08:00 ] 127.0.0.1 GET localhost:8888/index/ajax/lang?callback=define&controllername=cms.rdsystem&v=1557017087
[运行时间：0.052977s] [吞吐率：18.88req/s] [内存消耗：3,073.44kb] [文件加载：81]
[ info ] [ BEHAVIOR ] Run Closure @app_init [ RunTime:0.000012s ]
[ info ] [ CACHE ] INIT File
[ info ] [ BEHAVIOR ] Run Closure @app_init [ RunTime:0.002059s ]
[ info ] [ LANG ] E:\fadmin\thinkphp\lang\zh-cn.php
[ info ] [ ROUTE ] array (
  'type' => 'module',
  'module' => 
  array (
    0 => 'index',
    1 => 'ajax',
    2 => 'lang',
  ),
)
[ info ] [ HEADER ] array (
  'cookie' => 'Hm_lvt_f8d0a8c400404989e195270b0bbf060a=1554867564; uid=1; token=0a89cbc7-887e-48e7-951d-a0b3ad912cc5',
  'accept-language' => 'zh-CN,zh;q=0.9',
  'accept-encoding' => 'gzip, deflate, br',
  'referer' => 'http://localhost:8888/index/cms.rdsystem/project.html',
  'accept' => '*/*',
  'user-agent' => 'Mozilla/5.0 (Windows NT 10.0; WOW64) AppleWebKit/537.36 (KHTML, like Gecko) Chrome/74.0.3724.8 Safari/537.36',
  'connection' => 'keep-alive',
  'host' => 'localhost:8888',
  'content-length' => '',
  'content-type' => '',
)
[ info ] [ PARAM ] array (
  'callback' => 'define',
  'controllername' => 'cms.rdsystem',
  'v' => '1557017087',
)
[ info ] [ LANG ] E:\fadmin\public/../application/index\lang\zh-cn.php
[ info ] [ BEHAVIOR ] Run app\common\behavior\Common @module_init [ RunTime:0.000940s ]
[ info ] [ TOKEN ] INIT Mysql
[ info ] [ DB ] INIT mysql
[ info ] [ LANG ] E:\fadmin\public/../application/index/lang/zh-cn/ajax.php
[ info ] [ RUN ] app\index\controller\Ajax->lang[ E:\fadmin\application\index\controller\Ajax.php ]
[ info ] [ LANG ] E:\fadmin\public/../application/index/lang/zh-cn/cms/rdsystem.php
[ info ] [ BEHAVIOR ] Run \addons\ask\Ask @response_send [ RunTime:0.000128s ]
[ info ] [ BEHAVIOR ] Run \addons\loginvideo\Loginvideo @response_send [ RunTime:0.000177s ]
[ info ] [ LOG ] INIT File
[ sql ] [ DB ] CONNECT:[ UseTime:0.011963s ] mysql:host=127.0.0.1;dbname=zkcdb;charset=utf8
[ sql ] [ SQL ] SHOW COLUMNS FROM `zkc_user_token` [ RunTime:0.005552s ]
[ sql ] [ SQL ] SELECT * FROM `zkc_user_token` WHERE  `token` = '3ec8dfe3f5b08a9eff36c1cbba4ba2794450b65b' LIMIT 1 [ RunTime:0.000416s ]
[ sql ] [ SQL ] SHOW COLUMNS FROM `zkc_user` [ RunTime:0.005732s ]
[ sql ] [ SQL ] SELECT * FROM `zkc_user` WHERE  `id` = 1 LIMIT 1 [ RunTime:0.000526s ]
---------------------------------------------------------------
[ 2019-05-05T10:10:20+08:00 ] 127.0.0.1 GET localhost:8888/index/cms.rdsystem/dcpdf
[运行时间：0.961040s] [吞吐率：1.04req/s] [内存消耗：3,657.15kb] [文件加载：81]
[ info ] [ BEHAVIOR ] Run Closure @app_init [ RunTime:0.000048s ]
[ info ] [ CACHE ] INIT File
[ info ] [ BEHAVIOR ] Run Closure @app_init [ RunTime:0.113332s ]
[ info ] [ LANG ] E:\fadmin\thinkphp\lang\zh-cn.php
[ info ] [ ROUTE ] array (
  'type' => 'module',
  'module' => 
  array (
    0 => 'index',
    1 => 'cms.rdsystem',
    2 => 'dcpdf',
  ),
)
[ info ] [ HEADER ] array (
  'cookie' => 'Hm_lvt_f8d0a8c400404989e195270b0bbf060a=1554867564; uid=1; token=0a89cbc7-887e-48e7-951d-a0b3ad912cc5',
  'accept-language' => 'zh-CN,zh;q=0.9',
  'accept-encoding' => 'gzip, deflate, br',
  'accept' => 'text/html,application/xhtml+xml,application/xml;q=0.9,image/webp,image/apng,*/*;q=0.8,application/signed-exchange;v=b3',
  'user-agent' => 'Mozilla/5.0 (Windows NT 10.0; WOW64) AppleWebKit/537.36 (KHTML, like Gecko) Chrome/74.0.3724.8 Safari/537.36',
  'upgrade-insecure-requests' => '1',
  'connection' => 'keep-alive',
  'host' => 'localhost:8888',
  'content-length' => '',
  'content-type' => '',
)
[ info ] [ PARAM ] array (
)
[ info ] [ LANG ] E:\fadmin\public/../application/index\lang\zh-cn.php
[ info ] [ BEHAVIOR ] Run app\common\behavior\Common @module_init [ RunTime:0.026902s ]
[ info ] [ TOKEN ] INIT Mysql
[ info ] [ DB ] INIT mysql
[ info ] [ LANG ] E:\fadmin\public/../application/index/lang/zh-cn/cms/rdsystem.php
[ info ] [ RUN ] app\index\controller\cms\Rdsystem->dcpdf[ E:\fadmin\application\index\controller\cms\Rdsystem.php ]
[ info ] [ VIEW ] E:\fadmin\public/../application/common\view\tpl\dispatch_jump.tpl [ array (
  0 => 'user',
  1 => 'site',
  2 => 'config',
  3 => 'code',
  4 => 'msg',
  5 => 'data',
  6 => 'url',
  7 => 'wait',
) ]
[ info ] [ BEHAVIOR ] Run \addons\ask\Ask @response_send [ RunTime:0.000104s ]
[ info ] [ BEHAVIOR ] Run \addons\loginvideo\Loginvideo @response_send [ RunTime:0.011786s ]
[ info ] [ LOG ] INIT File
[ sql ] [ DB ] CONNECT:[ UseTime:0.043840s ] mysql:host=127.0.0.1;dbname=zkcdb;charset=utf8
[ sql ] [ SQL ] SHOW COLUMNS FROM `zkc_user_token` [ RunTime:0.048166s ]
[ sql ] [ SQL ] SELECT * FROM `zkc_user_token` WHERE  `token` = '3ec8dfe3f5b08a9eff36c1cbba4ba2794450b65b' LIMIT 1 [ RunTime:0.002119s ]
[ sql ] [ SQL ] SHOW COLUMNS FROM `zkc_user` [ RunTime:0.056784s ]
[ sql ] [ SQL ] SELECT * FROM `zkc_user` WHERE  `id` = 1 LIMIT 1 [ RunTime:0.000680s ]
---------------------------------------------------------------
[ 2019-05-05T10:10:22+08:00 ] 127.0.0.1 GET localhost:8888/index/cms.rdsystem/importall.html
[运行时间：0.071574s] [吞吐率：13.97req/s] [内存消耗：3,657.63kb] [文件加载：81]
[ info ] [ BEHAVIOR ] Run Closure @app_init [ RunTime:0.000013s ]
[ info ] [ CACHE ] INIT File
[ info ] [ BEHAVIOR ] Run Closure @app_init [ RunTime:0.002362s ]
[ info ] [ LANG ] E:\fadmin\thinkphp\lang\zh-cn.php
[ info ] [ ROUTE ] array (
  'type' => 'module',
  'module' => 
  array (
    0 => 'index',
    1 => 'cms.rdsystem',
    2 => 'importall',
  ),
)
[ info ] [ HEADER ] array (
  'cookie' => 'Hm_lvt_f8d0a8c400404989e195270b0bbf060a=1554867564; uid=1; token=0a89cbc7-887e-48e7-951d-a0b3ad912cc5',
  'accept-language' => 'zh-CN,zh;q=0.9',
  'accept-encoding' => 'gzip, deflate, br',
  'accept' => 'text/html,application/xhtml+xml,application/xml;q=0.9,image/webp,image/apng,*/*;q=0.8,application/signed-exchange;v=b3',
  'user-agent' => 'Mozilla/5.0 (Windows NT 10.0; WOW64) AppleWebKit/537.36 (KHTML, like Gecko) Chrome/74.0.3724.8 Safari/537.36',
  'upgrade-insecure-requests' => '1',
  'connection' => 'keep-alive',
  'host' => 'localhost:8888',
  'content-length' => '',
  'content-type' => '',
)
[ info ] [ PARAM ] array (
)
[ info ] [ LANG ] E:\fadmin\public/../application/index\lang\zh-cn.php
[ info ] [ BEHAVIOR ] Run app\common\behavior\Common @module_init [ RunTime:0.001014s ]
[ info ] [ TOKEN ] INIT Mysql
[ info ] [ DB ] INIT mysql
[ info ] [ LANG ] E:\fadmin\public/../application/index/lang/zh-cn/cms/rdsystem.php
[ info ] [ RUN ] app\index\controller\cms\Rdsystem->importAll[ E:\fadmin\application\index\controller\cms\Rdsystem.php ]
[ info ] [ VIEW ] E:\fadmin\public/../application/common\view\tpl\dispatch_jump.tpl [ array (
  0 => 'user',
  1 => 'site',
  2 => 'config',
  3 => 'code',
  4 => 'msg',
  5 => 'data',
  6 => 'url',
  7 => 'wait',
) ]
[ info ] [ BEHAVIOR ] Run \addons\ask\Ask @response_send [ RunTime:0.000048s ]
[ info ] [ BEHAVIOR ] Run \addons\loginvideo\Loginvideo @response_send [ RunTime:0.000173s ]
[ info ] [ LOG ] INIT File
[ sql ] [ DB ] CONNECT:[ UseTime:0.011228s ] mysql:host=127.0.0.1;dbname=zkcdb;charset=utf8
[ sql ] [ SQL ] SHOW COLUMNS FROM `zkc_user_token` [ RunTime:0.006984s ]
[ sql ] [ SQL ] SELECT * FROM `zkc_user_token` WHERE  `token` = '3ec8dfe3f5b08a9eff36c1cbba4ba2794450b65b' LIMIT 1 [ RunTime:0.000481s ]
[ sql ] [ SQL ] SHOW COLUMNS FROM `zkc_user` [ RunTime:0.008053s ]
[ sql ] [ SQL ] SELECT * FROM `zkc_user` WHERE  `id` = 1 LIMIT 1 [ RunTime:0.000643s ]
---------------------------------------------------------------
[ 2019-05-05T10:10:28+08:00 ] 127.0.0.1 GET localhost:8888/
[运行时间：0.447020s] [吞吐率：2.24req/s] [内存消耗：3,384.97kb] [文件加载：94]
[ info ] [ BEHAVIOR ] Run Closure @app_init [ RunTime:0.000013s ]
[ info ] [ CACHE ] INIT File
[ info ] [ BEHAVIOR ] Run Closure @app_init [ RunTime:0.002338s ]
[ info ] [ LANG ] E:\fadmin\thinkphp\lang\zh-cn.php
[ info ] [ ROUTE ] array (
  'type' => 'method',
  'method' => 
  array (
    0 => '\\think\\addons\\Route',
    1 => 'execute',
  ),
  'var' => 
  array (
    'addon' => 'cms',
    'controller' => 'index',
    'action' => 'index',
  ),
)
[ info ] [ HEADER ] array (
  'cookie' => 'Hm_lvt_f8d0a8c400404989e195270b0bbf060a=1554867564; uid=1; token=0a89cbc7-887e-48e7-951d-a0b3ad912cc5',
  'accept-language' => 'zh-CN,zh;q=0.9',
  'accept-encoding' => 'gzip, deflate, br',
  'accept' => 'text/html,application/xhtml+xml,application/xml;q=0.9,image/webp,image/apng,*/*;q=0.8,application/signed-exchange;v=b3',
  'user-agent' => 'Mozilla/5.0 (Windows NT 10.0; WOW64) AppleWebKit/537.36 (KHTML, like Gecko) Chrome/74.0.3724.8 Safari/537.36',
  'upgrade-insecure-requests' => '1',
  'connection' => 'keep-alive',
  'host' => 'localhost:8888',
  'content-length' => '',
  'content-type' => '',
)
[ info ] [ PARAM ] array (
)
[ info ] [ RUN ] think\addons\Route->execute[ E:\fadmin\vendor\karsonzhang\fastadmin-addons\src\addons\Route.php ]
[ info ] [ LANG ] E:\fadmin\public/../application/common\lang\zh-cn\addon.php
[ info ] [ BEHAVIOR ] Run app\common\behavior\Common @addon_begin [ RunTime:0.011553s ]
[ info ] [ LANG ] E:\fadmin\addons\cms\lang\zh-cn.php
[ info ] [ TOKEN ] INIT Mysql
[ info ] [ DB ] INIT mysql
[ info ] [ VIEW ] E:\fadmin\addons\cms\view\default\index.html [ array (
  0 => 'config',
  1 => 'user',
  2 => 'site',
  3 => '__CHANNEL__',
) ]
[ info ] [ BEHAVIOR ] Run \addons\ask\Ask @response_send [ RunTime:0.000063s ]
[ info ] [ BEHAVIOR ] Run \addons\loginvideo\Loginvideo @response_send [ RunTime:0.000185s ]
[ info ] [ LOG ] INIT File
[ sql ] [ DB ] CONNECT:[ UseTime:0.011943s ] mysql:host=127.0.0.1;dbname=zkcdb;charset=utf8
[ sql ] [ SQL ] SHOW COLUMNS FROM `zkc_user_token` [ RunTime:0.007461s ]
[ sql ] [ SQL ] SELECT * FROM `zkc_user_token` WHERE  `token` = '3ec8dfe3f5b08a9eff36c1cbba4ba2794450b65b' LIMIT 1 [ RunTime:0.000434s ]
[ sql ] [ SQL ] SHOW COLUMNS FROM `zkc_user` [ RunTime:0.007778s ]
[ sql ] [ SQL ] SELECT * FROM `zkc_user` WHERE  `id` = 1 LIMIT 1 [ RunTime:0.000688s ]
[ sql ] [ SQL ] SHOW COLUMNS FROM `zkc_cms_channel` [ RunTime:0.034178s ]
[ sql ] [ SQL ] SELECT `id`,`name`,`image`,`diyname`,`items` FROM `zkc_cms_channel` WHERE  `id` IN (59,49,51) [ RunTime:0.000659s ]
[ sql ] [ SQL ] SELECT `id`,`name`,`image`,`diyname`,`items` FROM `zkc_cms_channel` WHERE  `id` IN (52) [ RunTime:0.000452s ]
[ sql ] [ SQL ] SHOW COLUMNS FROM `zkc_cms_model` [ RunTime:0.026583s ]
[ sql ] [ SQL ] SHOW COLUMNS FROM `zkc_cms_addonnews` [ RunTime:0.031496s ]
[ sql ] [ SQL ] SELECT `id`,`name`,`image`,`diyname`,`items` FROM `zkc_cms_channel` WHERE  `id` IN (51,49,52) [ RunTime:0.000559s ]
---------------------------------------------------------------
[ 2019-05-05T10:10:30+08:00 ] 127.0.0.1 GET localhost:8888/index/user/index.html
[运行时间：0.112322s] [吞吐率：8.90req/s] [内存消耗：3,137.84kb] [文件加载：81]
[ info ] [ BEHAVIOR ] Run Closure @app_init [ RunTime:0.000014s ]
[ info ] [ CACHE ] INIT File
[ info ] [ BEHAVIOR ] Run Closure @app_init [ RunTime:0.002395s ]
[ info ] [ LANG ] E:\fadmin\thinkphp\lang\zh-cn.php
[ info ] [ ROUTE ] array (
  'type' => 'module',
  'module' => 
  array (
    0 => 'index',
    1 => 'user',
    2 => 'index',
  ),
)
[ info ] [ HEADER ] array (
  'cookie' => 'Hm_lvt_f8d0a8c400404989e195270b0bbf060a=1554867564; uid=1; token=0a89cbc7-887e-48e7-951d-a0b3ad912cc5',
  'accept-language' => 'zh-CN,zh;q=0.9',
  'accept-encoding' => 'gzip, deflate, br',
  'referer' => 'http://localhost:8888/',
  'accept' => 'text/html,application/xhtml+xml,application/xml;q=0.9,image/webp,image/apng,*/*;q=0.8,application/signed-exchange;v=b3',
  'user-agent' => 'Mozilla/5.0 (Windows NT 10.0; WOW64) AppleWebKit/537.36 (KHTML, like Gecko) Chrome/74.0.3724.8 Safari/537.36',
  'upgrade-insecure-requests' => '1',
  'connection' => 'keep-alive',
  'host' => 'localhost:8888',
  'content-length' => '',
  'content-type' => '',
)
[ info ] [ PARAM ] array (
)
[ info ] [ LANG ] E:\fadmin\public/../application/index\lang\zh-cn.php
[ info ] [ BEHAVIOR ] Run app\common\behavior\Common @module_init [ RunTime:0.001126s ]
[ info ] [ TOKEN ] INIT Mysql
[ info ] [ DB ] INIT mysql
[ info ] [ LANG ] E:\fadmin\public/../application/index/lang/zh-cn/user.php
[ info ] [ RUN ] app\index\controller\User->index[ E:\fadmin\application\index\controller\User.php ]
[ info ] [ VIEW ] E:\fadmin\public/../application/index\view\user\index.html [ array (
  0 => 'user',
  1 => 'site',
  2 => 'config',
  3 => 'title',
) ]
[ info ] [ VIEW ] E:\fadmin\addons\cms\view\hook\user_sidenav_after.html [ array (
  0 => 'actionname',
) ]
[ info ] [ BEHAVIOR ] Run \addons\cms\Cms @user_sidenav_after [ RunTime:0.020030s ]
[ info ] [ BEHAVIOR ] Run \addons\ask\Ask @response_send [ RunTime:0.000052s ]
[ info ] [ BEHAVIOR ] Run \addons\loginvideo\Loginvideo @response_send [ RunTime:0.000177s ]
[ info ] [ LOG ] INIT File
[ sql ] [ DB ] CONNECT:[ UseTime:0.002863s ] mysql:host=127.0.0.1;dbname=zkcdb;charset=utf8
[ sql ] [ SQL ] SHOW COLUMNS FROM `zkc_user_token` [ RunTime:0.007337s ]
[ sql ] [ SQL ] SELECT * FROM `zkc_user_token` WHERE  `token` = '3ec8dfe3f5b08a9eff36c1cbba4ba2794450b65b' LIMIT 1 [ RunTime:0.000574s ]
[ sql ] [ SQL ] SHOW COLUMNS FROM `zkc_user` [ RunTime:0.007525s ]
[ sql ] [ SQL ] SELECT * FROM `zkc_user` WHERE  `id` = 1 LIMIT 1 [ RunTime:0.000652s ]
---------------------------------------------------------------
[ 2019-05-05T10:10:30+08:00 ] 127.0.0.1 GET localhost:8888/index/ajax/lang?callback=define&controllername=user&v=1557022230
[运行时间：0.069989s] [吞吐率：14.29req/s] [内存消耗：3,084.64kb] [文件加载：81]
[ info ] [ BEHAVIOR ] Run Closure @app_init [ RunTime:0.000013s ]
[ info ] [ CACHE ] INIT File
[ info ] [ BEHAVIOR ] Run Closure @app_init [ RunTime:0.002332s ]
[ info ] [ LANG ] E:\fadmin\thinkphp\lang\zh-cn.php
[ info ] [ ROUTE ] array (
  'type' => 'module',
  'module' => 
  array (
    0 => 'index',
    1 => 'ajax',
    2 => 'lang',
  ),
)
[ info ] [ HEADER ] array (
  'cookie' => 'Hm_lvt_f8d0a8c400404989e195270b0bbf060a=1554867564; uid=1; token=0a89cbc7-887e-48e7-951d-a0b3ad912cc5',
  'accept-language' => 'zh-CN,zh;q=0.9',
  'accept-encoding' => 'gzip, deflate, br',
  'referer' => 'http://localhost:8888/index/user/index.html',
  'accept' => '*/*',
  'user-agent' => 'Mozilla/5.0 (Windows NT 10.0; WOW64) AppleWebKit/537.36 (KHTML, like Gecko) Chrome/74.0.3724.8 Safari/537.36',
  'connection' => 'keep-alive',
  'host' => 'localhost:8888',
  'content-length' => '',
  'content-type' => '',
)
[ info ] [ PARAM ] array (
  'callback' => 'define',
  'controllername' => 'user',
  'v' => '1557022230',
)
[ info ] [ LANG ] E:\fadmin\public/../application/index\lang\zh-cn.php
[ info ] [ BEHAVIOR ] Run app\common\behavior\Common @module_init [ RunTime:0.001016s ]
[ info ] [ TOKEN ] INIT Mysql
[ info ] [ DB ] INIT mysql
[ info ] [ LANG ] E:\fadmin\public/../application/index/lang/zh-cn/ajax.php
[ info ] [ RUN ] app\index\controller\Ajax->lang[ E:\fadmin\application\index\controller\Ajax.php ]
[ info ] [ LANG ] E:\fadmin\public/../application/index/lang/zh-cn/user.php
[ info ] [ BEHAVIOR ] Run \addons\ask\Ask @response_send [ RunTime:0.000179s ]
[ info ] [ BEHAVIOR ] Run \addons\loginvideo\Loginvideo @response_send [ RunTime:0.000343s ]
[ info ] [ LOG ] INIT File
[ sql ] [ DB ] CONNECT:[ UseTime:0.011983s ] mysql:host=127.0.0.1;dbname=zkcdb;charset=utf8
[ sql ] [ SQL ] SHOW COLUMNS FROM `zkc_user_token` [ RunTime:0.007357s ]
[ sql ] [ SQL ] SELECT * FROM `zkc_user_token` WHERE  `token` = '3ec8dfe3f5b08a9eff36c1cbba4ba2794450b65b' LIMIT 1 [ RunTime:0.000507s ]
[ sql ] [ SQL ] SHOW COLUMNS FROM `zkc_user` [ RunTime:0.007367s ]
[ sql ] [ SQL ] SELECT * FROM `zkc_user` WHERE  `id` = 1 LIMIT 1 [ RunTime:0.000687s ]
